[backblue.gif]
[fade.gif]
[index.html]
[upbeat-lichterman.184-154-109-82.plesk.page/images/1200x630/16730239/467032299_18472301761059987_8636788545570390702_n-iSMo1-jjkqQNnLhehva8tA.jpg]
[upbeat-lichterman.184-154-109-82.plesk.page/images/16x16/17115753/FAVICON-6MJYLXHsd1SjJjFNrZ6dMg-lZHdgYUX0mkl5Q2dvRmUng-sNkTycod6vHVkjA_uaxYOg.png]
[upbeat-lichterman.184-154-109-82.plesk.page/images/32x32/17115753/FAVICON-6MJYLXHsd1SjJjFNrZ6dMg-lZHdgYUX0mkl5Q2dvRmUng-sNkTycod6vHVkjA_uaxYOg.png]
[upbeat-lichterman.184-154-109-82.plesk.page/images/96x96/17115753/FAVICON-6MJYLXHsd1SjJjFNrZ6dMg-lZHdgYUX0mkl5Q2dvRmUng-sNkTycod6vHVkjA_uaxYOg.png]
[upbeat-lichterman.184-154-109-82.plesk.page/images/152x152/17115753/FAVICON-6MJYLXHsd1SjJjFNrZ6dMg-lZHdgYUX0mkl5Q2dvRmUng-sNkTycod6vHVkjA_uaxYOg.png]
[upbeat-lichterman.184-154-109-82.plesk.page/images/976/16730323/474001277_18483955717059987_5773023607602520840_n-cTQygSUgnLcR8eSmOo9apw.jpg]
[upbeat-lichterman.184-154-109-82.plesk.page/images/576/16730323/474001277_18483955717059987_5773023607602520840_n-cTQygSUgnLcR8eSmOo9apw.jpg]
[upbeat-lichterman.184-154-109-82.plesk.page/images/976/16730326/482693466_18493227658059987_5445617715833050310_n-V4MjB80QL09_FuPBWGew5A.jpg]
[upbeat-lichterman.184-154-109-82.plesk.page/images/576/16730326/482693466_18493227658059987_5445617715833050310_n-V4MjB80QL09_FuPBWGew5A.jpg]
[upbeat-lichterman.184-154-109-82.plesk.page/images/976/16730319/473815767_18483955732059987_3786944827333840949_n-ArhvZMEDIDLFh-6_zHwwNw.jpg]
[upbeat-lichterman.184-154-109-82.plesk.page/images/576/16730319/473815767_18483955732059987_3786944827333840949_n-ArhvZMEDIDLFh-6_zHwwNw.jpg]
[upbeat-lichterman.184-154-109-82.plesk.page/images/976/17156718/487996317_1154620380009033_1434753524106678779_n-gfarJ2kTc2Z-iixMr6hqng.jpg]
[static.elfsight.com/platform/platform.js]
[upbeat-lichterman.184-154-109-82.plesk.page/images/1024/16730316/473776621_18483955708059987_3924565739618233227_n-d5I1rWJwGjUKzYadQwVpAA.jpg]
[upbeat-lichterman.184-154-109-82.plesk.page/images/1024_1440x1605_0_194/16730329/483000581_18493227667059987_7550668669888227024_n-0RFdpFlg6ZROIMKR0VMhjw.jpg]
[upbeat-lichterman.184-154-109-82.plesk.page/images/1024/16730321/473823372_18483955735059987_1264437775832508050_n-Uf-QtEdK_KLBhkdA5CMXyg.jpg]
[upbeat-lichterman.184-154-109-82.plesk.page/webcard/static/app.bundle.1749634432.js]
[upbeat-lichterman.184-154-109-82.plesk.page/js/custom.250618195634.js]
[upbeat-lichterman.184-154-109-82.plesk.page/index.html]
[upbeat-lichterman.184-154-109-82.plesk.page/webcard/static/fonts/fontawesome-webfont.8b43027f.eot]
[upbeat-lichterman.184-154-109-82.plesk.page/webcard/static/fonts/fontawesome-webfont.8b43027fd41d.eot]
[upbeat-lichterman.184-154-109-82.plesk.page/webcard/static/fonts/fontawesome-webfont.20fd1704.woff2]
[upbeat-lichterman.184-154-109-82.plesk.page/webcard/static/fonts/fontawesome-webfont.f691f37e.woff]
[upbeat-lichterman.184-154-109-82.plesk.page/webcard/static/fonts/fontawesome-webfont.1e59d233.ttf]
[upbeat-lichterman.184-154-109-82.plesk.page/webcard/static/app.min.1749634410.css]
[upbeat-lichterman.184-154-109-82.plesk.page/css/custom.250625171648.css]
[upbeat-lichterman.184-154-109-82.plesk.page/g/static/s/outfit/v14/QGYvz_MVcBeNP4NJuktqQ4E.woff2]
[upbeat-lichterman.184-154-109-82.plesk.page/g/static/s/outfit/v14/QGYvz_MVcBeNP4NJtEtq.woff2]
[upbeat-lichterman.184-154-109-82.plesk.page/g/static/s/spacegrotesk/v21/V8mDoQDjQSkFtoMM3T6r8E7mPb54C-s0.woff2]
[upbeat-lichterman.184-154-109-82.plesk.page/g/static/s/spacegrotesk/v21/V8mDoQDjQSkFtoMM3T6r8E7mPb94C-s0.woff2]
[upbeat-lichterman.184-154-109-82.plesk.page/g/static/s/spacegrotesk/v21/V8mDoQDjQSkFtoMM3T6r8E7mPbF4Cw.woff2]
[upbeat-lichterman.184-154-109-82.plesk.page/g/fonts3746.css]
[upbeat-lichterman.184-154-109-82.plesk.page/images/0/16731328/Vector1-GAt9API0WRIC-_gLjqZLfA.svg]
[upbeat-lichterman.184-154-109-82.plesk.page/images/0/16730550/Group66-LU0OR5pYtOyvZOZR1WeFfQ.svg]
[upbeat-lichterman.184-154-109-82.plesk.page/images/1200x630/16730323/474001277_18483955717059987_5773023607602520840_n-cTQygSUgnLcR8eSmOo9apw.jpg]
[upbeat-lichterman.184-154-109-82.plesk.page/images/576/7199518/img-small.jpg]
[upbeat-lichterman.184-154-109-82.plesk.page/menu/index.html]
[upbeat-lichterman.184-154-109-82.plesk.page/images/1200x630/16730260/471344655_18479248675059987_4364777673217939209_n-_HklyVI1tjgyIxaCJQ1Hag.jpg]
[upbeat-lichterman.184-154-109-82.plesk.page/galeria/index.html]
[upbeat-lichterman.184-154-109-82.plesk.page/images/1200x630/16730225/486767133_1152027056935032_4169817820799514930_n-SrZiySA7bYGaUJcsIhINww.jpg]
[upbeat-lichterman.184-154-109-82.plesk.page/nosotros/index.html]
[upbeat-lichterman.184-154-109-82.plesk.page/images/1200x630/16730290/472666525_18482429902059987_5703702607155993391_n-U7nhrNhJDhUuSCIeNaBJQg.jpg]
[upbeat-lichterman.184-154-109-82.plesk.page/images/976/17175592/WhatsAppImage2025-06-23at4.30.47PM2-Db2nD9u3kDfLxMhaU4rUZg.jpg]
[upbeat-lichterman.184-154-109-82.plesk.page/images/576/17175592/WhatsAppImage2025-06-23at4.30.47PM2-Db2nD9u3kDfLxMhaU4rUZg.jpg]
[upbeat-lichterman.184-154-109-82.plesk.page/images/955/17175627/WhatsAppImage2025-06-23at4.39.25PM4-5TKdUo-eGwHCwaWIb6gi1A.jpg]
[upbeat-lichterman.184-154-109-82.plesk.page/images/1200/17175589/WhatsAppImage2025-06-23at4.39.25PM1-c_NqKmkF946Fx9gTBpqLgQ.jpg]
[upbeat-lichterman.184-154-109-82.plesk.page/images/961/17175615/WhatsAppImage2025-06-23at4.30.46PM1-yII5jQ0AQzhwttswnQU9IQ.jpg]
[upbeat-lichterman.184-154-109-82.plesk.page/images/677/17175591/WhatsAppImage2025-06-23at4.30.47PM-sHfRRzJuGbI_Qu3iNcOZ4w.jpg]
[upbeat-lichterman.184-154-109-82.plesk.page/images/960/17124838/eventos2-cHPVk4UWSyl0fc09hdArNg.jpg]
[upbeat-lichterman.184-154-109-82.plesk.page/images/1200/17175622/WhatsAppImage2025-06-23at4.39.25PM-BIB_XgGPfyweG-lH2MBQNw.jpg]
[upbeat-lichterman.184-154-109-82.plesk.page/eventos/index.html]
[upbeat-lichterman.184-154-109-82.plesk.page/images/1200x630/16730269/471513664_18479902999059987_9086931493078858824_n-6PDHfPvdtudG4O2jKJ1FGw.jpg]
[upbeat-lichterman.184-154-109-82.plesk.page/images/976/17202861/peces2-jgxIHN_tX8SJ41z5DIfMFg.png]
[upbeat-lichterman.184-154-109-82.plesk.page/images/576/17202861/peces2-jgxIHN_tX8SJ41z5DIfMFg.png]
[upbeat-lichterman.184-154-109-82.plesk.page/reservas/index.html]
[upbeat-lichterman.184-154-109-82.plesk.page/_/images/0_1068x754_0_408/16730323/474001277_18483955717059987_5773023607602520840_n-cTQygSUgnLcR8eSmOo9apw.html]
[upbeat-lichterman.184-154-109-82.plesk.page/wa.link/9ci0y0.html]
[upbeat-lichterman.184-154-109-82.plesk.page/webcard/static/images/fontawesome-webfont.c1e38fd9.svg]
[upbeat-lichterman.184-154-109-82.plesk.page/webcard/static/images/ku.7a2e2db3.svg]
[upbeat-lichterman.184-154-109-82.plesk.page/menu/_/images/0/16730256/471307246_18479248615059987_5582043105109729233_n-AzMv68xBMhT9elpqNjQEaQ.html]
[upbeat-lichterman.184-154-109-82.plesk.page/menu/_/images/0_517x640_0_25/17105578/foto1-CsSscajQcSReFa5F28zTLw.html]
[upbeat-lichterman.184-154-109-82.plesk.page/menu/_/images/0_517x640_0_13/17105721/foto2-ehkg_f16qGtEP4SxgAhSzQ.html]
[upbeat-lichterman.184-154-109-82.plesk.page/menu/_/images/0/17105796/foto3-d7NxfJneugVoMhZOop5L8A.html]
[upbeat-lichterman.184-154-109-82.plesk.page/menu/wa.link/9ci0y0.html]
[upbeat-lichterman.184-154-109-82.plesk.page/galeria/_/images/0/16730293/472668545_18482351233059987_5850245518327114964_n-0LOidmTEH7LO62oBfxPU4Q.html]
[upbeat-lichterman.184-154-109-82.plesk.page/galeria/wa.link/9ci0y0.html]
[upbeat-lichterman.184-154-109-82.plesk.page/nosotros/_/images/0/17175625/WhatsAppImage2025-06-23at4.39.25PM6-TJwAXNpVW2oFrfjwYoNAkw.html]
[upbeat-lichterman.184-154-109-82.plesk.page/g/fonts0380.html]
[upbeat-lichterman.184-154-109-82.plesk.page/nosotros/wa.link/9ci0y0.html]
[upbeat-lichterman.184-154-109-82.plesk.page/eventos/_/images/0/16730260/471344655_18479248675059987_4364777673217939209_n-_HklyVI1tjgyIxaCJQ1Hag.html]
[upbeat-lichterman.184-154-109-82.plesk.page/eventos/wa.link/9ci0y0.html]
[upbeat-lichterman.184-154-109-82.plesk.page/reservas/_/images/0/17175597/WhatsAppImage2025-06-23at4.30.46PM-uZAzkRnr2nh0py-lekPghQ.html]
[upbeat-lichterman.184-154-109-82.plesk.page/reservas/wa.link/9ci0y0.html]
